[debug] [2023-09-29T21:15:50.304Z] ----------------------------------------------------------------------
[debug] [2023-09-29T21:15:50.306Z] Command:       /usr/local/bin/node /usr/local/bin/firebase deploy --debug
[debug] [2023-09-29T21:15:50.306Z] CLI Version:   12.6.1
[debug] [2023-09-29T21:15:50.306Z] Platform:      darwin
[debug] [2023-09-29T21:15:50.307Z] Node Version:  v16.13.1
[debug] [2023-09-29T21:15:50.308Z] Time:          Fri Sep 29 2023 23:15:50 GMT+0200 (Central European Summer Time)
[debug] [2023-09-29T21:15:50.308Z] ----------------------------------------------------------------------
[debug] 
[debug] [2023-09-29T21:15:50.358Z] > command requires scopes: ["email","openid","https://www.googleapis.com/auth/cloudplatformprojects.readonly","https://www.googleapis.com/auth/firebase","https://www.googleapis.com/auth/cloud-platform"]
[debug] [2023-09-29T21:15:50.359Z] > authorizing via signed-in user (y.kapylova@gmail.com)
[debug] [2023-09-29T21:15:50.359Z] [iam] checking project tiptop-crystal for permissions ["firebase.projects.get","firebasehosting.sites.update"]
[debug] [2023-09-29T21:15:50.360Z] >>> [apiv2][query] POST https://cloudresourcemanager.googleapis.com/v1/projects/tiptop-crystal:testIamPermissions [none]
[debug] [2023-09-29T21:15:50.361Z] >>> [apiv2][(partial)header] POST https://cloudresourcemanager.googleapis.com/v1/projects/tiptop-crystal:testIamPermissions x-goog-quota-user=projects/tiptop-crystal
[debug] [2023-09-29T21:15:50.361Z] >>> [apiv2][body] POST https://cloudresourcemanager.googleapis.com/v1/projects/tiptop-crystal:testIamPermissions {"permissions":["firebase.projects.get","firebasehosting.sites.update"]}
[debug] [2023-09-29T21:15:51.256Z] <<< [apiv2][status] POST https://cloudresourcemanager.googleapis.com/v1/projects/tiptop-crystal:testIamPermissions 200
[debug] [2023-09-29T21:15:51.257Z] <<< [apiv2][body] POST https://cloudresourcemanager.googleapis.com/v1/projects/tiptop-crystal:testIamPermissions {"permissions":["firebase.projects.get","firebasehosting.sites.update"]}
[debug] [2023-09-29T21:15:51.258Z] >>> [apiv2][query] GET https://firebase.googleapis.com/v1beta1/projects/tiptop-crystal [none]
[debug] [2023-09-29T21:15:51.655Z] <<< [apiv2][status] GET https://firebase.googleapis.com/v1beta1/projects/tiptop-crystal 200
[debug] [2023-09-29T21:15:51.655Z] <<< [apiv2][body] GET https://firebase.googleapis.com/v1beta1/projects/tiptop-crystal {"projectId":"tiptop-crystal","projectNumber":"1035795186617","displayName":"tiptop-crystal","name":"projects/tiptop-crystal","resources":{"hostingSite":"tiptop-crystal"},"state":"ACTIVE","etag":"1_d6858d53-a2f1-456b-8d12-2aaa0e5f3388"}
[info] 
[info] === Deploying to 'tiptop-crystal'...
[info] 
[info] i  deploying hosting 
[debug] [2023-09-29T21:15:51.660Z] >>> [apiv2][query] POST https://firebasehosting.googleapis.com/v1beta1/projects/-/sites/tiptop-crystal/versions [none]
[debug] [2023-09-29T21:15:51.660Z] >>> [apiv2][body] POST https://firebasehosting.googleapis.com/v1beta1/projects/-/sites/tiptop-crystal/versions {"status":"CREATED","labels":{"deployment-tool":"cli-firebase"}}
[debug] [2023-09-29T21:15:52.985Z] <<< [apiv2][status] POST https://firebasehosting.googleapis.com/v1beta1/projects/-/sites/tiptop-crystal/versions 200
[debug] [2023-09-29T21:15:52.986Z] <<< [apiv2][body] POST https://firebasehosting.googleapis.com/v1beta1/projects/-/sites/tiptop-crystal/versions {"name":"projects/1035795186617/sites/tiptop-crystal/versions/43fd1e201113f899","status":"CREATED","config":{},"labels":{"deployment-tool":"cli-firebase"}}
[info] i  hosting[tiptop-crystal]: beginning deploy... 
[info] i  hosting[tiptop-crystal]: found 45 files in build 
[debug] [2023-09-29T21:15:53.002Z] [hosting] uploading with 200 concurrency
[debug] [2023-09-29T21:15:53.008Z] [hosting] hash cache [YnVpbGQ] stored for 45 files
[debug] [2023-09-29T21:15:53.009Z] [hosting][hash queue][FINAL] {"max":2,"min":0,"avg":0,"active":0,"complete":45,"success":45,"errored":0,"retried":0,"total":45,"elapsed":5}
[debug] [2023-09-29T21:15:53.009Z] >>> [apiv2][query] POST https://firebasehosting.googleapis.com/v1beta1/projects/1035795186617/sites/tiptop-crystal/versions/43fd1e201113f899:populateFiles [none]
[debug] [2023-09-29T21:15:53.009Z] >>> [apiv2][body] POST https://firebasehosting.googleapis.com/v1beta1/projects/1035795186617/sites/tiptop-crystal/versions/43fd1e201113f899:populateFiles {"files":{"/404.html":"05cbc6f94d7a69ce2e29646eab13be2c884e61ba93e3094df5028866876d18b3","/asset-manifest.json":"dab6c27c9427c9b5fefeeb0dbced7f38eb4e3b8b4fed871ac55f45a896ed9f67","/crystal-kids.JPG":"d97a27b766600a03a3338fb05d825df2b6e3aa72650b70094373c68f797b9bd9","/employee1.jpeg":"217ae070cabc6a6d0a9c363ef5913e5ec56acf80b2365b664fea2c8e46d2b94b","/employee1.png":"c366b63b55cd4d35329a0fe3c48dc915809042cf1e93f38422fbe66b26a6ba6c","/employee2.png":"59e105a354b8159a95a522701e1fe6af8dd901812de1a389e45e32885d2d51be","/employee3.jpeg":"549c8bddcb5b9113142b170e8ae3b170bc7980ff4f9b9fd626d5abaefba2dcd0","/favicon.ico":"e63fa050e88cfc08f8802752f66d40bb744688284eb3bf7182cea077b5b65dd6","/icon-call.png":"6998fdb8fd212081c10d2311864ef4ffdd77db56a23be15483cbce0ec6aab5a6","/icon-instagram.png":"d1dc0951b657f57ac71dac244beaac207eafd6dbc8f21da575c52c735c68320c","/icon-message.png":"df23cb1a418d0f17b8fefed15ed48a5a71ee3ab0240216d36544a82be8f4b745","/icon-telegram.png":"cc61c731288bd33a7f05d4c24c9faa8dbc088f1a6e1f5d8d84ff6a428eb42476","/icon-viber.png":"66d67b9ff5b142b7399c2c8fc079c5c7407c62f795b4083a5141290935d49350","/icons8-email-100.png":"81c5c362c7f8b8057d9916431c76d9f3a8e45edf65d32fb5da33e21845a1991b","/index.html":"6f6531b388f8acaaef31bfa11aa947bfa1c388516ee668dc75603d1921ac4926","/logo.jpg":"cd73d1769972d516672bcad83f205e1e87e2940b0b588b9cb726cb349707e6e9","/manifest.json":"6aaf3d87dd9bb1e96f9c691c50d0ed378ed98a120a76dea78291281834cd36e9","/news-pic.jpg":"5025dbcb4327c87d30fa3279dd21e2d737c1251a3d5f5765458c7f41c718758c","/robots.txt":"391d14b3c2f8c9143a27a28c7399585142228d4d1bdbe2c87ac946de411fa9a2","/about/about1.jpeg":"577866814f1b11197c35ca4e1808c38b946e801df13206b35147940f591bb1f0","/about/about2.jpeg":"dad1d30aed2d30f25be6266118d1ee89cdcb800a8ba427181efa17e3f04a3942","/about/about3.jpeg":"8773c841bbe2df7e2e715843d5550e86915ff25d9d7fb2cfa3b1140005d9db74","/about/crystal-kids.JPG":"d97a27b766600a03a3338fb05d825df2b6e3aa72650b70094373c68f797b9bd9","/about/crystal-kids.jpeg":"5d8bc201231a2c4f99c27aa6ee3ec5f27fea92fcfb0debbbace31125370f549a","/about/crystal1.jpeg":"ccb4d8a920c5f074d3a8a908ecd4e2a1e92d90d425087dec76b12a331f1d4175","/about/crystal2.JPG":"aeee82592a65573202c90e22f12ebf30272daf2876499da13e33363b15405955","/about/crystal2.jpeg":"530f6cef480e2873a2ff2d538bfefe6bb6863c4c4d40467751ac5fd6088e8ef6","/about/crystal3.jpeg":"3fa60ccdea8fc19893505ada20ac9ee6271ffcc61b64b1b1baebd50c50d75e2c","/about/masha-mic.jpeg":"31c173a64976675d5f987b0e0b50b000b4e33cfa69a55ab20afeba1aa1843d5e","/about/misha-katya.jpeg":"51822a8b35b040c053479683fec7c6ca3b3bea3ed4e036643948086a48f49909","/about/team1.jpeg":"2a90e4d1bba9a2779df0481918b8fb9a579729a753fb516372fbaa8347c848d3","/about/team2.jpeg":"f23522681c48560072b89e17dc0f904a030718a421a7cc66a3accd50e68b2893","/about/tip-top.jpeg":"0781e54881c01966eb128bda7e9d85263a898e7273ff17a26f70e2e5f62a105f","/about/ulya.jpeg":"bc870ff28b88beade2d543dc528f1ea59c150703ebc9788a975fbb57d3d76863","/banners/banner-crystal-jump.JPG":"794dc3be2725ecc79d308f0e5164535d2b992edd28c3193faf9b6aef0336c735","/banners/banner-crystal-kids-jump.JPG":"018a0fc3665d87ef3e78ebaa27f164cf9b9e524ad4ec199a885659d8c01062e0","/banners/banner-crystal-kids.jpeg":"89eb96800c22fd3b7658dc2bbd8978a5f6f55e266d551a2c3c346efc1ba3ca78","/banners/banner-crystal-kids1.jpeg":"6ef67d9a2e002fb8caf1b413aa66ff373c89d2c31cc99849daf003755b0951cd","/static/css/main.79a6c0a4.css":"0f89c51f6cb505757ad51a4172dbd85b4f9c0d48a222e18d0669612c0a1f49ef","/static/css/main.79a6c0a4.css.map":"30ade9cbe3946ff67ebc6e4d41f746e8b44be001adc442c731ac5a7b11485948","/static/js/main.b514674e.js":"73eca848e78619c0c85b32cceeda3cac4a0a93e4a79b5a10ea83e9e4f37a9f37","/static/js/main.b514674e.js.LICENSE.txt":"84e7bff4c9347dc04a70bd183ad1bedcff488a546064ee1c1d3d2592b3ecd09f","/static/js/main.b514674e.js.map":"a21bb8b61dc41c0ee894baf47e20864032dc12160dc32c772750b9dcf41c3eba","/static/media/Gilroy-ExtraBold.0094146a0505298ed06a.otf":"80001b769691c210ef22c7218eaea7e445dcabe0d16b63ee0700a6f924b841cb","/static/media/Gilroy-Light.cc7ab55d27205bd64001.otf":"58fe3b0e5584a00d76e99eddb591802f75457c7a7a85ce122fdb1d24ea2e4a71"}}
[debug] [2023-09-29T21:15:54.010Z] <<< [apiv2][status] POST https://firebasehosting.googleapis.com/v1beta1/projects/1035795186617/sites/tiptop-crystal/versions/43fd1e201113f899:populateFiles 200
[debug] [2023-09-29T21:15:54.010Z] <<< [apiv2][body] POST https://firebasehosting.googleapis.com/v1beta1/projects/1035795186617/sites/tiptop-crystal/versions/43fd1e201113f899:populateFiles {"uploadUrl":"https://upload-firebasehosting.googleapis.com/upload/sites/tiptop-crystal/versions/43fd1e201113f899/files"}
[debug] [2023-09-29T21:15:54.010Z] [hosting][populate queue][FINAL] {"max":1003,"min":1003,"avg":1003,"active":0,"complete":1,"success":1,"errored":0,"retried":0,"total":1,"elapsed":1004}
[debug] [2023-09-29T21:15:54.011Z] [hosting] uploads queued: 0
[debug] [2023-09-29T21:15:54.011Z] [hosting][upload queue][FINAL] {"max":0,"min":9999999999,"avg":0,"active":0,"complete":0,"success":0,"errored":0,"retried":0,"total":0,"elapsed":1696022154011}
[info] i  hosting: upload complete 
[info] ✔  hosting[tiptop-crystal]: file upload complete 
[debug] [2023-09-29T21:15:54.011Z] [hosting] deploy completed after 1024ms
[debug] [2023-09-29T21:15:54.011Z] [
  {
    "config": {
      "public": "build",
      "ignore": [
        "firebase.json",
        "**/.*",
        "**/node_modules/**"
      ],
      "site": "tiptop-crystal"
    },
    "version": "projects/1035795186617/sites/tiptop-crystal/versions/43fd1e201113f899"
  }
]
[info] i  hosting[tiptop-crystal]: finalizing version... 
[debug] [2023-09-29T21:15:54.013Z] >>> [apiv2][query] PATCH https://firebasehosting.googleapis.com/v1beta1/projects/-/sites/tiptop-crystal/versions/43fd1e201113f899 updateMask=status%2Cconfig
[debug] [2023-09-29T21:15:54.013Z] >>> [apiv2][body] PATCH https://firebasehosting.googleapis.com/v1beta1/projects/-/sites/tiptop-crystal/versions/43fd1e201113f899 {"status":"FINALIZED","config":{}}
[debug] [2023-09-29T21:15:54.931Z] <<< [apiv2][status] PATCH https://firebasehosting.googleapis.com/v1beta1/projects/-/sites/tiptop-crystal/versions/43fd1e201113f899 200
[debug] [2023-09-29T21:15:54.931Z] <<< [apiv2][body] PATCH https://firebasehosting.googleapis.com/v1beta1/projects/-/sites/tiptop-crystal/versions/43fd1e201113f899 {"name":"projects/1035795186617/sites/tiptop-crystal/versions/43fd1e201113f899","status":"FINALIZED","config":{},"labels":{"deployment-tool":"cli-firebase"},"createTime":"2023-09-29T21:15:52.529712Z","createUser":{"email":"y.kapylova@gmail.com"},"finalizeTime":"2023-09-29T21:15:54.871168Z","finalizeUser":{"email":"y.kapylova@gmail.com"}}
[debug] [2023-09-29T21:15:54.931Z] [hosting] finalized version for tiptop-crystal:[object Object]
[info] ✔  hosting[tiptop-crystal]: version finalized 
[info] i  hosting[tiptop-crystal]: releasing new version... 
[debug] [2023-09-29T21:15:54.933Z] >>> [apiv2][query] POST https://firebasehosting.googleapis.com/v1beta1/projects/-/sites/tiptop-crystal/channels/live/releases versionName=projects%2F1035795186617%2Fsites%2Ftiptop-crystal%2Fversions%2F43fd1e201113f899
[debug] [2023-09-29T21:15:54.933Z] >>> [apiv2][body] POST https://firebasehosting.googleapis.com/v1beta1/projects/-/sites/tiptop-crystal/channels/live/releases {}
[debug] [2023-09-29T21:15:55.957Z] <<< [apiv2][status] POST https://firebasehosting.googleapis.com/v1beta1/projects/-/sites/tiptop-crystal/channels/live/releases 200
